<?xml version="1.0" encoding="UTF-8"?>
<!-- Generated by org.testng.reporters.JUnitReportReporter -->
<testsuite hostname="HAMEED" failures="0" tests="3" name="com.qa.luma.tests.LoginPageTest" time="22.548" errors="0" timestamp="2024-02-05T14:26:20 IST" skipped="0">
  <testcase classname="com.qa.luma.tests.LoginPageTest" name="loginPageNavigationTest" time="19.654"/>
  <testcase classname="com.qa.luma.tests.LoginPageTest" name="forgotPwdLinkExistTest" time="0.008"/>
  <testcase classname="com.qa.luma.tests.LoginPageTest" name="appLoginTest" time="2.886"/>
</testsuite> <!-- com.qa.luma.tests.LoginPageTest -->
