<?xml version="1.0" encoding="UTF-8"?>
<!-- Generated by org.testng.reporters.JUnitReportReporter -->
<testsuite hostname="HAMEED" failures="0" tests="5" name="com.qa.luma.tests.HomePageTest" time="35.338" errors="0" timestamp="2024-02-05T14:26:20 IST" skipped="0">
  <testcase classname="com.qa.luma.tests.HomePageTest" name="searchTest" time="11.115"/>
  <testcase classname="com.qa.luma.tests.HomePageTest" name="searchTest" time="12.269"/>
  <testcase classname="com.qa.luma.tests.HomePageTest" name="homePageTitleTest" time="0.029"/>
  <testcase classname="com.qa.luma.tests.HomePageTest" name="searchTest" time="11.917"/>
  <testcase classname="com.qa.luma.tests.HomePageTest" name="homePageURLTest" time="0.008"/>
</testsuite> <!-- com.qa.luma.tests.HomePageTest -->
